[ 2015-12-04T13:42:13+08:00 ] 127.0.0.1 /tutu/admin.php
INFO: [ app_begin ] --START--
INFO: ReadHtmlCache Behavior ::run [ RunTime:0.000771s ]
INFO: [ app_begin ] --END-- [ RunTime:0.000865s ]
SQL: SHOW COLUMNS FROM `think_data` [ RunTime:0.002760s ]
SQL: SELECT * FROM `think_data`  [ RunTime:0.000168s ]
INFO: [ view_parse ] --START--
INFO: ParseTemplate Behavior ::run [ RunTime:0.030787s ]
INFO: [ view_parse ] --END-- [ RunTime:0.030878s ]
INFO: [ view_filter ] --START--
INFO: ContentReplace Behavior ::run [ RunTime:0.000789s ]
INFO: TokenBuild Behavior ::run [ RunTime:0.000715s ]
INFO: WriteHtmlCache Behavior ::run [ RunTime:0.000523s ]
INFO: ShowRuntime Behavior ::run [ RunTime:0.000662s ]
INFO: [ view_filter ] --END-- [ RunTime:0.002925s ]
INFO: [ view_end ] --START--
INFO: ShowPageTrace Behavior ::run [ RunTime:0.000698s ]
INFO: [ view_end ] --END-- [ RunTime:0.000768s ]

[ 2015-12-04T13:52:46+08:00 ] 127.0.0.1 /tutu/admin.php
INFO: [ app_begin ] --START--
INFO: ReadHtmlCache Behavior ::run [ RunTime:0.000655s ]
INFO: [ app_begin ] --END-- [ RunTime:0.000776s ]
SQL: SHOW COLUMNS FROM `think_user` [ RunTime:0.002586s ]
ERR: 1146:Table 'thinkphp.think_user' doesn't exist
 [ SQL语句 ] : SHOW COLUMNS FROM `think_user`
SQL: SELECT * FROM `think_user` WHERE ( `name` = 'thinkphp' ) AND ( `status` = 1 )  [ RunTime:0.000221s ]
ERR: 1146:Table 'thinkphp.think_user' doesn't exist
 [ SQL语句 ] : SELECT * FROM `think_user` WHERE ( `name` = 'thinkphp' ) AND ( `status` = 1 ) 
SQL: SHOW COLUMNS FROM `think_data` [ RunTime:0.002738s ]
SQL: SELECT * FROM `think_data`  [ RunTime:0.000202s ]
INFO: [ view_parse ] --START--
INFO: ParseTemplate Behavior ::run [ RunTime:0.006816s ]
INFO: [ view_parse ] --END-- [ RunTime:0.006912s ]
INFO: [ view_filter ] --START--
INFO: ContentReplace Behavior ::run [ RunTime:0.000528s ]
INFO: TokenBuild Behavior ::run [ RunTime:0.000549s ]
INFO: WriteHtmlCache Behavior ::run [ RunTime:0.000447s ]
INFO: ShowRuntime Behavior ::run [ RunTime:0.000586s ]
INFO: [ view_filter ] --END-- [ RunTime:0.002336s ]
INFO: [ view_end ] --START--
INFO: ShowPageTrace Behavior ::run [ RunTime:0.000694s ]
INFO: [ view_end ] --END-- [ RunTime:0.000767s ]

[ 2015-12-04T13:53:32+08:00 ] 127.0.0.1 /tutu/admin.php
INFO: [ app_begin ] --START--
INFO: ReadHtmlCache Behavior ::run [ RunTime:0.000656s ]
INFO: [ app_begin ] --END-- [ RunTime:0.000747s ]
SQL: SHOW COLUMNS FROM `think_user` [ RunTime:0.002734s ]
ERR: 1146:Table 'thinkphp.think_user' doesn't exist
 [ SQL语句 ] : SHOW COLUMNS FROM `think_user`
SQL: SELECT * FROM `think_user` WHERE ( `name` = 'thinkphp' ) AND ( `status` = 1 )  [ RunTime:0.000292s ]
ERR: 1146:Table 'thinkphp.think_user' doesn't exist
 [ SQL语句 ] : SELECT * FROM `think_user` WHERE ( `name` = 'thinkphp' ) AND ( `status` = 1 ) 

[ 2015-12-04T13:56:51+08:00 ] 127.0.0.1 /tutu/admin.php
INFO: [ app_begin ] --START--
INFO: ReadHtmlCache Behavior ::run [ RunTime:0.001519s ]
INFO: [ app_begin ] --END-- [ RunTime:0.001652s ]
SQL: SHOW COLUMNS FROM `think_user` [ RunTime:0.002818s ]
SQL: SELECT * FROM `think_user` WHERE ( `name` = 'thinkphp' )  [ RunTime:0.000198s ]

[ 2015-12-04T13:57:56+08:00 ] 127.0.0.1 /tutu/admin.php
INFO: [ app_begin ] --START--
INFO: ReadHtmlCache Behavior ::run [ RunTime:0.000706s ]
INFO: [ app_begin ] --END-- [ RunTime:0.000795s ]
SQL: SHOW COLUMNS FROM `think_user` [ RunTime:0.002829s ]
SQL: SELECT * FROM `think_user` WHERE ( `name` = 'thinkphp' )  [ RunTime:0.000271s ]
INFO: [ view_parse ] --START--
NOTIC: [8] Undefined variable: data F:\wamp\www\tutu\admin\Runtime\Cache\4c18d5952d0dbf1eedb8a1ec796fa788.php 第 8 行.
INFO: ParseTemplate Behavior ::run [ RunTime:0.007166s ]
INFO: [ view_parse ] --END-- [ RunTime:0.007276s ]
INFO: [ view_filter ] --START--
INFO: ContentReplace Behavior ::run [ RunTime:0.000580s ]
INFO: TokenBuild Behavior ::run [ RunTime:0.000537s ]
INFO: WriteHtmlCache Behavior ::run [ RunTime:0.000419s ]
INFO: ShowRuntime Behavior ::run [ RunTime:0.000595s ]
INFO: [ view_filter ] --END-- [ RunTime:0.002318s ]
INFO: [ view_end ] --START--
INFO: ShowPageTrace Behavior ::run [ RunTime:0.000646s ]
INFO: [ view_end ] --END-- [ RunTime:0.000717s ]

[ 2015-12-04T14:10:11+08:00 ] 127.0.0.1 /tutu/admin.php
INFO: [ app_begin ] --START--
INFO: ReadHtmlCache Behavior ::run [ RunTime:0.000725s ]
INFO: [ app_begin ] --END-- [ RunTime:0.000813s ]
ERR: Action:M您所请求的方法不存在！

[ 2015-12-04T14:10:47+08:00 ] 127.0.0.1 /tutu/admin.php
INFO: [ app_begin ] --START--
INFO: ReadHtmlCache Behavior ::run [ RunTime:0.000955s ]
INFO: [ app_begin ] --END-- [ RunTime:0.001090s ]
NOTIC: [8] Undefined variable: Data F:\wamp\www\tutu\admin\Lib\Action\IndexAction.class.php 第 12 行.

[ 2015-12-04T14:11:33+08:00 ] 127.0.0.1 /tutu/admin.php
INFO: [ app_begin ] --START--
INFO: ReadHtmlCache Behavior ::run [ RunTime:0.001248s ]
INFO: [ app_begin ] --END-- [ RunTime:0.001371s ]
NOTIC: [8] Undefined variable: Data F:\wamp\www\tutu\admin\Lib\Action\IndexAction.class.php 第 12 行.

[ 2015-12-04T14:11:59+08:00 ] 127.0.0.1 /tutu/admin.php
INFO: [ app_begin ] --START--
INFO: ReadHtmlCache Behavior ::run [ RunTime:0.000661s ]
INFO: [ app_begin ] --END-- [ RunTime:0.000750s ]
SQL: SHOW COLUMNS FROM `think_data` [ RunTime:0.003103s ]
SQL: UPDATE `think_data` SET `id`=id+1 WHERE ( data=thinkphp ) [ RunTime:0.000133s ]
ERR: 1054:Unknown column 'thinkphp' in 'where clause'
 [ SQL语句 ] : UPDATE `think_data` SET `id`=id+1 WHERE ( data=thinkphp )
INFO: [ view_parse ] --START--
NOTIC: [8] Undefined variable: data F:\wamp\www\tutu\admin\Runtime\Cache\4c18d5952d0dbf1eedb8a1ec796fa788.php 第 8 行.
INFO: ParseTemplate Behavior ::run [ RunTime:0.007059s ]
INFO: [ view_parse ] --END-- [ RunTime:0.007140s ]
INFO: [ view_filter ] --START--
INFO: ContentReplace Behavior ::run [ RunTime:0.000545s ]
INFO: TokenBuild Behavior ::run [ RunTime:0.000522s ]
INFO: WriteHtmlCache Behavior ::run [ RunTime:0.000405s ]
INFO: ShowRuntime Behavior ::run [ RunTime:0.000553s ]
INFO: [ view_filter ] --END-- [ RunTime:0.002214s ]
INFO: [ view_end ] --START--
INFO: ShowPageTrace Behavior ::run [ RunTime:0.000770s ]
INFO: [ view_end ] --END-- [ RunTime:0.000845s ]

[ 2015-12-04T14:18:04+08:00 ] 127.0.0.1 /tutu/admin.php
INFO: [ app_begin ] --START--
INFO: ReadHtmlCache Behavior ::run [ RunTime:0.000780s ]
INFO: [ app_begin ] --END-- [ RunTime:0.000878s ]
SQL: SHOW COLUMNS FROM `think_data` [ RunTime:0.003176s ]
SQL: UPDATE `think_data` SET `id`=id+1 WHERE ( data=thinkphp ) [ RunTime:0.000160s ]
ERR: 1054:Unknown column 'thinkphp' in 'where clause'
 [ SQL语句 ] : UPDATE `think_data` SET `id`=id+1 WHERE ( data=thinkphp )
INFO: [ view_parse ] --START--
NOTIC: [8] Undefined variable: data F:\wamp\www\tutu\admin\Runtime\Cache\4c18d5952d0dbf1eedb8a1ec796fa788.php 第 8 行.
INFO: ParseTemplate Behavior ::run [ RunTime:0.006875s ]
INFO: [ view_parse ] --END-- [ RunTime:0.006956s ]
INFO: [ view_filter ] --START--
INFO: ContentReplace Behavior ::run [ RunTime:0.000746s ]
INFO: TokenBuild Behavior ::run [ RunTime:0.000519s ]
INFO: WriteHtmlCache Behavior ::run [ RunTime:0.000424s ]
INFO: ShowRuntime Behavior ::run [ RunTime:0.000637s ]
INFO: [ view_filter ] --END-- [ RunTime:0.002523s ]
INFO: [ view_end ] --START--
INFO: ShowPageTrace Behavior ::run [ RunTime:0.000747s ]
INFO: [ view_end ] --END-- [ RunTime:0.000813s ]

[ 2015-12-04T14:18:45+08:00 ] 127.0.0.1 /tutu/admin.php/Form/Form
INFO: [ route_check ] --START--
INFO: CheckRoute Behavior ::run [ RunTime:0.000928s ]
INFO: [ route_check ] --END-- [ RunTime:0.001037s ]
INFO: [ app_begin ] --START--
INFO: ReadHtmlCache Behavior ::run [ RunTime:0.000753s ]
INFO: [ app_begin ] --END-- [ RunTime:0.000840s ]
NOTIC: [8] Constant THEME_NAME already defined F:\wamp\www\tutu\ThinkPHP\Lib\Core\View.class.php 第 223 行.
NOTIC: [8] Constant THEME_PATH already defined F:\wamp\www\tutu\ThinkPHP\Lib\Core\View.class.php 第 174 行.
NOTIC: [8] Constant APP_TMPL_PATH already defined F:\wamp\www\tutu\ThinkPHP\Lib\Core\View.class.php 第 175 行.
INFO: [ view_parse ] --START--
INFO: ParseTemplate Behavior ::run [ RunTime:0.027902s ]
INFO: [ view_parse ] --END-- [ RunTime:0.028003s ]
INFO: [ view_filter ] --START--
INFO: ContentReplace Behavior ::run [ RunTime:0.000643s ]
INFO: TokenBuild Behavior ::run [ RunTime:0.000555s ]
INFO: WriteHtmlCache Behavior ::run [ RunTime:0.000461s ]
INFO: ShowRuntime Behavior ::run [ RunTime:0.000602s ]
INFO: [ view_filter ] --END-- [ RunTime:0.002440s ]
INFO: [ view_end ] --START--
INFO: ShowPageTrace Behavior ::run [ RunTime:0.000702s ]
INFO: [ view_end ] --END-- [ RunTime:0.000767s ]

[ 2015-12-04T14:26:08+08:00 ] 127.0.0.1 /tutu/admin.php
INFO: [ app_begin ] --START--
INFO: ReadHtmlCache Behavior ::run [ RunTime:0.000657s ]
INFO: [ app_begin ] --END-- [ RunTime:0.000758s ]
SQL: SHOW COLUMNS FROM `think_data` [ RunTime:0.002802s ]
SQL: UPDATE `think_data` SET `id`=id+1 WHERE ( data=thinkphp ) [ RunTime:0.000166s ]
ERR: 1054:Unknown column 'thinkphp' in 'where clause'
 [ SQL语句 ] : UPDATE `think_data` SET `id`=id+1 WHERE ( data=thinkphp )
INFO: [ view_parse ] --START--
NOTIC: [8] Undefined variable: data F:\wamp\www\tutu\admin\Runtime\Cache\4c18d5952d0dbf1eedb8a1ec796fa788.php 第 8 行.
INFO: ParseTemplate Behavior ::run [ RunTime:0.006977s ]
INFO: [ view_parse ] --END-- [ RunTime:0.007054s ]
INFO: [ view_filter ] --START--
INFO: ContentReplace Behavior ::run [ RunTime:0.000566s ]
INFO: TokenBuild Behavior ::run [ RunTime:0.000552s ]
INFO: WriteHtmlCache Behavior ::run [ RunTime:0.000497s ]
INFO: ShowRuntime Behavior ::run [ RunTime:0.000668s ]
INFO: [ view_filter ] --END-- [ RunTime:0.002473s ]
INFO: [ view_end ] --START--
INFO: ShowPageTrace Behavior ::run [ RunTime:0.000681s ]
INFO: [ view_end ] --END-- [ RunTime:0.000774s ]

[ 2015-12-04T14:26:21+08:00 ] 127.0.0.1 /tutu/admin.php/Form/Form
INFO: [ route_check ] --START--
INFO: CheckRoute Behavior ::run [ RunTime:0.000769s ]
INFO: [ route_check ] --END-- [ RunTime:0.000856s ]
INFO: [ app_begin ] --START--
INFO: ReadHtmlCache Behavior ::run [ RunTime:0.000613s ]
INFO: [ app_begin ] --END-- [ RunTime:0.000682s ]
NOTIC: [8] Constant THEME_NAME already defined F:\wamp\www\tutu\ThinkPHP\Lib\Core\View.class.php 第 223 行.
NOTIC: [8] Constant THEME_PATH already defined F:\wamp\www\tutu\ThinkPHP\Lib\Core\View.class.php 第 174 行.
NOTIC: [8] Constant APP_TMPL_PATH already defined F:\wamp\www\tutu\ThinkPHP\Lib\Core\View.class.php 第 175 行.
INFO: [ view_parse ] --START--
INFO: ParseTemplate Behavior ::run [ RunTime:0.006083s ]
INFO: [ view_parse ] --END-- [ RunTime:0.006163s ]
INFO: [ view_filter ] --START--
INFO: ContentReplace Behavior ::run [ RunTime:0.000484s ]
INFO: TokenBuild Behavior ::run [ RunTime:0.000486s ]
INFO: WriteHtmlCache Behavior ::run [ RunTime:0.000399s ]
INFO: ShowRuntime Behavior ::run [ RunTime:0.000566s ]
INFO: [ view_filter ] --END-- [ RunTime:0.002115s ]
INFO: [ view_end ] --START--
INFO: ShowPageTrace Behavior ::run [ RunTime:0.000628s ]
INFO: [ view_end ] --END-- [ RunTime:0.000709s ]

[ 2015-12-04T14:38:31+08:00 ] 127.0.0.1 /tutu/admin.php
INFO: [ app_begin ] --START--
INFO: ReadHtmlCache Behavior ::run [ RunTime:0.000707s ]
INFO: [ app_begin ] --END-- [ RunTime:0.000806s ]
SQL: SHOW COLUMNS FROM `think_data` [ RunTime:0.002718s ]
SQL: UPDATE `think_data` SET `id`=id+1 WHERE ( data=thinkphp ) [ RunTime:0.000138s ]
ERR: 1054:Unknown column 'thinkphp' in 'where clause'
 [ SQL语句 ] : UPDATE `think_data` SET `id`=id+1 WHERE ( data=thinkphp )
INFO: [ view_parse ] --START--
NOTIC: [8] Undefined variable: data F:\wamp\www\tutu\admin\Runtime\Cache\4c18d5952d0dbf1eedb8a1ec796fa788.php 第 8 行.
INFO: ParseTemplate Behavior ::run [ RunTime:0.006955s ]
INFO: [ view_parse ] --END-- [ RunTime:0.007043s ]
INFO: [ view_filter ] --START--
INFO: ContentReplace Behavior ::run [ RunTime:0.000524s ]
INFO: TokenBuild Behavior ::run [ RunTime:0.000500s ]
INFO: WriteHtmlCache Behavior ::run [ RunTime:0.000434s ]
INFO: ShowRuntime Behavior ::run [ RunTime:0.000604s ]
INFO: [ view_filter ] --END-- [ RunTime:0.002256s ]
INFO: [ view_end ] --START--
INFO: ShowPageTrace Behavior ::run [ RunTime:0.000617s ]
INFO: [ view_end ] --END-- [ RunTime:0.000682s ]

[ 2015-12-04T14:38:55+08:00 ] 127.0.0.1 /tutu/admin.php/Form/insert
INFO: [ route_check ] --START--
INFO: CheckRoute Behavior ::run [ RunTime:0.000966s ]
INFO: [ route_check ] --END-- [ RunTime:0.001079s ]
INFO: [ app_begin ] --START--
INFO: ReadHtmlCache Behavior ::run [ RunTime:0.000824s ]
INFO: [ app_begin ] --END-- [ RunTime:0.000917s ]
SQL: SHOW COLUMNS FROM `think_form` [ RunTime:0.003551s ]
SQL: INSERT INTO `think_form` (`title`,`content`,`create_time`) VALUES ('ddw','fwegwggw',1449211135) [ RunTime:0.021090s ]
INFO: [ view_parse ] --START--
INFO: ParseTemplate Behavior ::run [ RunTime:0.008509s ]
INFO: [ view_parse ] --END-- [ RunTime:0.008629s ]
INFO: [ view_filter ] --START--
INFO: ContentReplace Behavior ::run [ RunTime:0.000734s ]
INFO: TokenBuild Behavior ::run [ RunTime:0.000730s ]
INFO: WriteHtmlCache Behavior ::run [ RunTime:0.000568s ]
INFO: ShowRuntime Behavior ::run [ RunTime:0.000722s ]
INFO: [ view_filter ] --END-- [ RunTime:0.003014s ]
INFO: [ view_end ] --START--
INFO: ShowPageTrace Behavior ::run [ RunTime:0.000807s ]
INFO: [ view_end ] --END-- [ RunTime:0.000898s ]

[ 2015-12-04T14:38:56+08:00 ] 127.0.0.1 /tutu/admin.php/Form/Form
INFO: [ route_check ] --START--
INFO: CheckRoute Behavior ::run [ RunTime:0.001076s ]
INFO: [ route_check ] --END-- [ RunTime:0.001228s ]
INFO: [ app_begin ] --START--
INFO: ReadHtmlCache Behavior ::run [ RunTime:0.000978s ]
INFO: [ app_begin ] --END-- [ RunTime:0.001081s ]
NOTIC: [8] Constant THEME_NAME already defined F:\wamp\www\tutu\ThinkPHP\Lib\Core\View.class.php 第 223 行.
NOTIC: [8] Constant THEME_PATH already defined F:\wamp\www\tutu\ThinkPHP\Lib\Core\View.class.php 第 174 行.
NOTIC: [8] Constant APP_TMPL_PATH already defined F:\wamp\www\tutu\ThinkPHP\Lib\Core\View.class.php 第 175 行.
INFO: [ view_parse ] --START--
INFO: ParseTemplate Behavior ::run [ RunTime:0.008167s ]
INFO: [ view_parse ] --END-- [ RunTime:0.008278s ]
INFO: [ view_filter ] --START--
INFO: ContentReplace Behavior ::run [ RunTime:0.000760s ]
INFO: TokenBuild Behavior ::run [ RunTime:0.000784s ]
INFO: WriteHtmlCache Behavior ::run [ RunTime:0.000619s ]
INFO: ShowRuntime Behavior ::run [ RunTime:0.000860s ]
INFO: [ view_filter ] --END-- [ RunTime:0.003292s ]
INFO: [ view_end ] --START--
INFO: ShowPageTrace Behavior ::run [ RunTime:0.000942s ]
INFO: [ view_end ] --END-- [ RunTime:0.001037s ]

[ 2015-12-04T14:47:18+08:00 ] 127.0.0.1 /tutu/admin.php
INFO: [ app_begin ] --START--
INFO: ReadHtmlCache Behavior ::run [ RunTime:0.000696s ]
INFO: [ app_begin ] --END-- [ RunTime:0.000783s ]
SQL: SHOW COLUMNS FROM `think_data` [ RunTime:0.003176s ]
SQL: UPDATE `think_data` SET `id`=id+1 WHERE ( data=thinkphp ) [ RunTime:0.000189s ]
ERR: 1054:Unknown column 'thinkphp' in 'where clause'
 [ SQL语句 ] : UPDATE `think_data` SET `id`=id+1 WHERE ( data=thinkphp )
INFO: [ view_parse ] --START--
NOTIC: [8] Undefined variable: data F:\wamp\www\tutu\admin\Runtime\Cache\4c18d5952d0dbf1eedb8a1ec796fa788.php 第 8 行.
INFO: ParseTemplate Behavior ::run [ RunTime:0.006873s ]
INFO: [ view_parse ] --END-- [ RunTime:0.006956s ]
INFO: [ view_filter ] --START--
INFO: ContentReplace Behavior ::run [ RunTime:0.000537s ]
INFO: TokenBuild Behavior ::run [ RunTime:0.000505s ]
INFO: WriteHtmlCache Behavior ::run [ RunTime:0.000419s ]
INFO: ShowRuntime Behavior ::run [ RunTime:0.000568s ]
INFO: [ view_filter ] --END-- [ RunTime:0.002218s ]
INFO: [ view_end ] --START--
INFO: ShowPageTrace Behavior ::run [ RunTime:0.000673s ]
INFO: [ view_end ] --END-- [ RunTime:0.000744s ]

[ 2015-12-04T15:09:31+08:00 ] 127.0.0.1 /tutu/admin.php/Form/Form
INFO: [ route_check ] --START--
INFO: CheckRoute Behavior ::run [ RunTime:0.000872s ]
INFO: [ route_check ] --END-- [ RunTime:0.000980s ]
INFO: [ app_begin ] --START--
INFO: ReadHtmlCache Behavior ::run [ RunTime:0.000638s ]
INFO: [ app_begin ] --END-- [ RunTime:0.000718s ]
NOTIC: [8] Constant THEME_NAME already defined F:\wamp\www\tutu\ThinkPHP\Lib\Core\View.class.php 第 223 行.
NOTIC: [8] Constant THEME_PATH already defined F:\wamp\www\tutu\ThinkPHP\Lib\Core\View.class.php 第 174 行.
NOTIC: [8] Constant APP_TMPL_PATH already defined F:\wamp\www\tutu\ThinkPHP\Lib\Core\View.class.php 第 175 行.
INFO: [ view_parse ] --START--
NOTIC: [8] Undefined variable: data F:\wamp\www\tutu\admin\Runtime\Cache\2752a0f333e172f56f6fa20e8048700a.php 第 17 行.
NOTIC: [8] Undefined variable: data F:\wamp\www\tutu\admin\Runtime\Cache\2752a0f333e172f56f6fa20e8048700a.php 第 21 行.
NOTIC: [8] Undefined variable: data F:\wamp\www\tutu\admin\Runtime\Cache\2752a0f333e172f56f6fa20e8048700a.php 第 25 行.
INFO: ParseTemplate Behavior ::run [ RunTime:0.007063s ]
INFO: [ view_parse ] --END-- [ RunTime:0.007149s ]
INFO: [ view_filter ] --START--
INFO: ContentReplace Behavior ::run [ RunTime:0.000541s ]
INFO: TokenBuild Behavior ::run [ RunTime:0.000547s ]
INFO: WriteHtmlCache Behavior ::run [ RunTime:0.000517s ]
INFO: ShowRuntime Behavior ::run [ RunTime:0.000640s ]
INFO: [ view_filter ] --END-- [ RunTime:0.002479s ]
INFO: [ view_end ] --START--
INFO: ShowPageTrace Behavior ::run [ RunTime:0.000592s ]
INFO: [ view_end ] --END-- [ RunTime:0.000661s ]

[ 2015-12-04T15:09:38+08:00 ] 127.0.0.1 /tutu/admin.php/Form/Form
INFO: [ route_check ] --START--
INFO: CheckRoute Behavior ::run [ RunTime:0.000948s ]
INFO: [ route_check ] --END-- [ RunTime:0.001062s ]
INFO: [ app_begin ] --START--
INFO: ReadHtmlCache Behavior ::run [ RunTime:0.000693s ]
INFO: [ app_begin ] --END-- [ RunTime:0.000785s ]
NOTIC: [8] Constant THEME_NAME already defined F:\wamp\www\tutu\ThinkPHP\Lib\Core\View.class.php 第 223 行.
NOTIC: [8] Constant THEME_PATH already defined F:\wamp\www\tutu\ThinkPHP\Lib\Core\View.class.php 第 174 行.
NOTIC: [8] Constant APP_TMPL_PATH already defined F:\wamp\www\tutu\ThinkPHP\Lib\Core\View.class.php 第 175 行.
INFO: [ view_parse ] --START--
NOTIC: [8] Undefined variable: data F:\wamp\www\tutu\admin\Runtime\Cache\2752a0f333e172f56f6fa20e8048700a.php 第 17 行.
NOTIC: [8] Undefined variable: data F:\wamp\www\tutu\admin\Runtime\Cache\2752a0f333e172f56f6fa20e8048700a.php 第 21 行.
NOTIC: [8] Undefined variable: data F:\wamp\www\tutu\admin\Runtime\Cache\2752a0f333e172f56f6fa20e8048700a.php 第 25 行.
INFO: ParseTemplate Behavior ::run [ RunTime:0.007876s ]
INFO: [ view_parse ] --END-- [ RunTime:0.007974s ]
INFO: [ view_filter ] --START--
INFO: ContentReplace Behavior ::run [ RunTime:0.000630s ]
INFO: TokenBuild Behavior ::run [ RunTime:0.000637s ]
INFO: WriteHtmlCache Behavior ::run [ RunTime:0.000550s ]
INFO: ShowRuntime Behavior ::run [ RunTime:0.000729s ]
INFO: [ view_filter ] --END-- [ RunTime:0.002823s ]
INFO: [ view_end ] --START--
INFO: ShowPageTrace Behavior ::run [ RunTime:0.000745s ]
INFO: [ view_end ] --END-- [ RunTime:0.000854s ]

[ 2015-12-04T16:36:25+08:00 ] 127.0.0.1 /tutu/admin.php/Form/insert
INFO: [ route_check ] --START--
INFO: CheckRoute Behavior ::run [ RunTime:0.001224s ]
INFO: [ route_check ] --END-- [ RunTime:0.001330s ]
INFO: [ app_begin ] --START--
INFO: ReadHtmlCache Behavior ::run [ RunTime:0.000623s ]
INFO: [ app_begin ] --END-- [ RunTime:0.000700s ]
SQL: SHOW COLUMNS FROM `think_form` [ RunTime:0.003028s ]
INFO: [ view_parse ] --START--
INFO: ParseTemplate Behavior ::run [ RunTime:0.006816s ]
INFO: [ view_parse ] --END-- [ RunTime:0.006905s ]
INFO: [ view_filter ] --START--
INFO: ContentReplace Behavior ::run [ RunTime:0.000521s ]
INFO: TokenBuild Behavior ::run [ RunTime:0.000584s ]
INFO: WriteHtmlCache Behavior ::run [ RunTime:0.000463s ]
INFO: ShowRuntime Behavior ::run [ RunTime:0.000607s ]
INFO: [ view_filter ] --END-- [ RunTime:0.002391s ]
INFO: [ view_end ] --START--
INFO: ShowPageTrace Behavior ::run [ RunTime:0.000706s ]
INFO: [ view_end ] --END-- [ RunTime:0.000785s ]

[ 2015-12-04T16:50:33+08:00 ] 127.0.0.1 /tutu/admin.php
INFO: [ app_begin ] --START--
INFO: ReadHtmlCache Behavior ::run [ RunTime:0.000655s ]
INFO: [ app_begin ] --END-- [ RunTime:0.000765s ]
SQL: SHOW COLUMNS FROM `think_data` [ RunTime:0.003023s ]
SQL: UPDATE `think_data` SET `id`=id+1 WHERE ( data=thinkphp ) [ RunTime:0.000178s ]
ERR: 1054:Unknown column 'thinkphp' in 'where clause'
 [ SQL语句 ] : UPDATE `think_data` SET `id`=id+1 WHERE ( data=thinkphp )
INFO: [ view_parse ] --START--
NOTIC: [8] Undefined variable: data F:\wamp\www\tutu\admin\Runtime\Cache\4c18d5952d0dbf1eedb8a1ec796fa788.php 第 8 行.
INFO: ParseTemplate Behavior ::run [ RunTime:0.006911s ]
INFO: [ view_parse ] --END-- [ RunTime:0.006995s ]
INFO: [ view_filter ] --START--
INFO: ContentReplace Behavior ::run [ RunTime:0.000564s ]
INFO: TokenBuild Behavior ::run [ RunTime:0.000648s ]
INFO: WriteHtmlCache Behavior ::run [ RunTime:0.000454s ]
INFO: ShowRuntime Behavior ::run [ RunTime:0.000590s ]
INFO: [ view_filter ] --END-- [ RunTime:0.002468s ]
INFO: [ view_end ] --START--
INFO: ShowPageTrace Behavior ::run [ RunTime:0.000603s ]
INFO: [ view_end ] --END-- [ RunTime:0.000671s ]

[ 2015-12-04T16:50:36+08:00 ] 127.0.0.1 /tutu/admin.php/Index/Form/Form.html
INFO: [ route_check ] --START--
INFO: CheckRoute Behavior ::run [ RunTime:0.001040s ]
INFO: [ route_check ] --END-- [ RunTime:0.001162s ]
INFO: [ app_begin ] --START--
INFO: ReadHtmlCache Behavior ::run [ RunTime:0.000797s ]
INFO: [ app_begin ] --END-- [ RunTime:0.000897s ]
ERR: 模板不存在[./admin/Tpl/Index/Form.html]

[ 2015-12-04T16:54:39+08:00 ] 127.0.0.1 /tutu/admin.php
INFO: [ app_begin ] --START--
INFO: ReadHtmlCache Behavior ::run [ RunTime:0.000678s ]
INFO: [ app_begin ] --END-- [ RunTime:0.000778s ]
SQL: SHOW COLUMNS FROM `think_data` [ RunTime:0.002585s ]
SQL: UPDATE `think_data` SET `id`=id+1 WHERE ( data=thinkphp ) [ RunTime:0.000144s ]
ERR: 1054:Unknown column 'thinkphp' in 'where clause'
 [ SQL语句 ] : UPDATE `think_data` SET `id`=id+1 WHERE ( data=thinkphp )
INFO: [ view_parse ] --START--
NOTIC: [8] Undefined variable: data F:\wamp\www\tutu\admin\Runtime\Cache\4c18d5952d0dbf1eedb8a1ec796fa788.php 第 17 行.
NOTIC: [8] Undefined variable: data F:\wamp\www\tutu\admin\Runtime\Cache\4c18d5952d0dbf1eedb8a1ec796fa788.php 第 21 行.
NOTIC: [8] Undefined variable: data F:\wamp\www\tutu\admin\Runtime\Cache\4c18d5952d0dbf1eedb8a1ec796fa788.php 第 25 行.
NOTIC: [8] Undefined variable: data F:\wamp\www\tutu\admin\Runtime\Cache\4c18d5952d0dbf1eedb8a1ec796fa788.php 第 37 行.
INFO: ParseTemplate Behavior ::run [ RunTime:0.007910s ]
INFO: [ view_parse ] --END-- [ RunTime:0.007998s ]
INFO: [ view_filter ] --START--
INFO: ContentReplace Behavior ::run [ RunTime:0.000495s ]
INFO: TokenBuild Behavior ::run [ RunTime:0.000508s ]
INFO: WriteHtmlCache Behavior ::run [ RunTime:0.000386s ]
INFO: ShowRuntime Behavior ::run [ RunTime:0.000542s ]
INFO: [ view_filter ] --END-- [ RunTime:0.002133s ]
INFO: [ view_end ] --START--
INFO: ShowPageTrace Behavior ::run [ RunTime:0.000598s ]
INFO: [ view_end ] --END-- [ RunTime:0.000665s ]

[ 2015-12-04T16:54:45+08:00 ] 127.0.0.1 /tutu/admin.php/Index/Form/Form.html
INFO: [ route_check ] --START--
INFO: CheckRoute Behavior ::run [ RunTime:0.000868s ]
INFO: [ route_check ] --END-- [ RunTime:0.000978s ]
INFO: [ app_begin ] --START--
INFO: ReadHtmlCache Behavior ::run [ RunTime:0.000696s ]
INFO: [ app_begin ] --END-- [ RunTime:0.000781s ]
ERR: 模板不存在[./admin/Tpl/Index/Form.html]

[ 2015-12-04T16:54:49+08:00 ] 127.0.0.1 /tutu/admin.php/Index/Form/Form.html
INFO: [ route_check ] --START--
INFO: CheckRoute Behavior ::run [ RunTime:0.001482s ]
INFO: [ route_check ] --END-- [ RunTime:0.001657s ]
INFO: [ app_begin ] --START--
INFO: ReadHtmlCache Behavior ::run [ RunTime:0.001282s ]
INFO: [ app_begin ] --END-- [ RunTime:0.001439s ]
ERR: 模板不存在[./admin/Tpl/Index/Form.html]

[ 2015-12-04T16:54:59+08:00 ] 127.0.0.1 /tutu/admin.php/Index/insert
INFO: [ route_check ] --START--
INFO: CheckRoute Behavior ::run [ RunTime:0.000835s ]
INFO: [ route_check ] --END-- [ RunTime:0.000939s ]
INFO: [ app_begin ] --START--
INFO: ReadHtmlCache Behavior ::run [ RunTime:0.000796s ]
INFO: [ app_begin ] --END-- [ RunTime:0.000882s ]
ERR: 非法操作:insert

[ 2015-12-04T16:55:47+08:00 ] 127.0.0.1 /tutu/admin.php
INFO: [ app_begin ] --START--
INFO: ReadHtmlCache Behavior ::run [ RunTime:0.000574s ]
INFO: [ app_begin ] --END-- [ RunTime:0.000664s ]
SQL: SHOW COLUMNS FROM `think_data` [ RunTime:0.002678s ]
SQL: UPDATE `think_data` SET `id`=id+1 WHERE ( data=thinkphp ) [ RunTime:0.000128s ]
ERR: 1054:Unknown column 'thinkphp' in 'where clause'
 [ SQL语句 ] : UPDATE `think_data` SET `id`=id+1 WHERE ( data=thinkphp )
INFO: [ view_parse ] --START--
NOTIC: [8] Undefined variable: data F:\wamp\www\tutu\admin\Runtime\Cache\4c18d5952d0dbf1eedb8a1ec796fa788.php 第 17 行.
NOTIC: [8] Undefined variable: data F:\wamp\www\tutu\admin\Runtime\Cache\4c18d5952d0dbf1eedb8a1ec796fa788.php 第 21 行.
NOTIC: [8] Undefined variable: data F:\wamp\www\tutu\admin\Runtime\Cache\4c18d5952d0dbf1eedb8a1ec796fa788.php 第 25 行.
NOTIC: [8] Undefined variable: data F:\wamp\www\tutu\admin\Runtime\Cache\4c18d5952d0dbf1eedb8a1ec796fa788.php 第 37 行.
INFO: ParseTemplate Behavior ::run [ RunTime:0.007463s ]
INFO: [ view_parse ] --END-- [ RunTime:0.007543s ]
INFO: [ view_filter ] --START--
INFO: ContentReplace Behavior ::run [ RunTime:0.000499s ]
INFO: TokenBuild Behavior ::run [ RunTime:0.000470s ]
INFO: WriteHtmlCache Behavior ::run [ RunTime:0.000394s ]
INFO: ShowRuntime Behavior ::run [ RunTime:0.000534s ]
INFO: [ view_filter ] --END-- [ RunTime:0.002096s ]
INFO: [ view_end ] --START--
INFO: ShowPageTrace Behavior ::run [ RunTime:0.000583s ]
INFO: [ view_end ] --END-- [ RunTime:0.000650s ]

[ 2015-12-04T16:58:01+08:00 ] 127.0.0.1 /tutu/admin.php
INFO: [ app_begin ] --START--
INFO: ReadHtmlCache Behavior ::run [ RunTime:0.000618s ]
INFO: [ app_begin ] --END-- [ RunTime:0.000716s ]
SQL: SHOW COLUMNS FROM `think_data` [ RunTime:0.002910s ]
SQL: UPDATE `think_data` SET `id`=id+1 WHERE ( data=thinkphp ) [ RunTime:0.000166s ]
ERR: 1054:Unknown column 'thinkphp' in 'where clause'
 [ SQL语句 ] : UPDATE `think_data` SET `id`=id+1 WHERE ( data=thinkphp )
INFO: [ view_parse ] --START--
NOTIC: [8] Undefined variable: data F:\wamp\www\tutu\admin\Runtime\Cache\4c18d5952d0dbf1eedb8a1ec796fa788.php 第 9 行.
INFO: ParseTemplate Behavior ::run [ RunTime:0.007494s ]
INFO: [ view_parse ] --END-- [ RunTime:0.007580s ]
INFO: [ view_filter ] --START--
INFO: ContentReplace Behavior ::run [ RunTime:0.000505s ]
INFO: TokenBuild Behavior ::run [ RunTime:0.000490s ]
INFO: WriteHtmlCache Behavior ::run [ RunTime:0.000376s ]
INFO: ShowRuntime Behavior ::run [ RunTime:0.000636s ]
INFO: [ view_filter ] --END-- [ RunTime:0.002206s ]
INFO: [ view_end ] --START--
INFO: ShowPageTrace Behavior ::run [ RunTime:0.000627s ]
INFO: [ view_end ] --END-- [ RunTime:0.000702s ]

[ 2015-12-04T16:58:04+08:00 ] 127.0.0.1 /tutu/admin.php/Form/Form.html
INFO: [ route_check ] --START--
INFO: CheckRoute Behavior ::run [ RunTime:0.001536s ]
INFO: [ route_check ] --END-- [ RunTime:0.001735s ]
INFO: [ app_begin ] --START--
INFO: ReadHtmlCache Behavior ::run [ RunTime:0.001046s ]
INFO: [ app_begin ] --END-- [ RunTime:0.001179s ]
NOTIC: [8] Constant THEME_NAME already defined F:\wamp\www\tutu\ThinkPHP\Lib\Core\View.class.php 第 223 行.
NOTIC: [8] Constant THEME_PATH already defined F:\wamp\www\tutu\ThinkPHP\Lib\Core\View.class.php 第 174 行.
NOTIC: [8] Constant APP_TMPL_PATH already defined F:\wamp\www\tutu\ThinkPHP\Lib\Core\View.class.php 第 175 行.
INFO: [ view_parse ] --START--
NOTIC: [8] Undefined variable: data F:\wamp\www\tutu\admin\Runtime\Cache\2752a0f333e172f56f6fa20e8048700a.php 第 17 行.
NOTIC: [8] Undefined variable: data F:\wamp\www\tutu\admin\Runtime\Cache\2752a0f333e172f56f6fa20e8048700a.php 第 21 行.
NOTIC: [8] Undefined variable: data F:\wamp\www\tutu\admin\Runtime\Cache\2752a0f333e172f56f6fa20e8048700a.php 第 25 行.
INFO: ParseTemplate Behavior ::run [ RunTime:0.011934s ]
INFO: [ view_parse ] --END-- [ RunTime:0.012076s ]
INFO: [ view_filter ] --START--
INFO: ContentReplace Behavior ::run [ RunTime:0.000835s ]
INFO: TokenBuild Behavior ::run [ RunTime:0.001058s ]
INFO: WriteHtmlCache Behavior ::run [ RunTime:0.000864s ]
INFO: ShowRuntime Behavior ::run [ RunTime:0.001132s ]
INFO: [ view_filter ] --END-- [ RunTime:0.004319s ]
INFO: [ view_end ] --START--
INFO: ShowPageTrace Behavior ::run [ RunTime:0.001222s ]
INFO: [ view_end ] --END-- [ RunTime:0.001357s ]

[ 2015-12-04T16:58:07+08:00 ] 127.0.0.1 /tutu/admin.php/Form/insert
INFO: [ route_check ] --START--
INFO: CheckRoute Behavior ::run [ RunTime:0.000883s ]
INFO: [ route_check ] --END-- [ RunTime:0.000995s ]
INFO: [ app_begin ] --START--
INFO: ReadHtmlCache Behavior ::run [ RunTime:0.000692s ]
INFO: [ app_begin ] --END-- [ RunTime:0.000777s ]
SQL: SHOW COLUMNS FROM `think_form` [ RunTime:0.002615s ]
INFO: [ view_parse ] --START--
INFO: ParseTemplate Behavior ::run [ RunTime:0.006203s ]
INFO: [ view_parse ] --END-- [ RunTime:0.006285s ]
INFO: [ view_filter ] --START--
INFO: ContentReplace Behavior ::run [ RunTime:0.000463s ]
INFO: TokenBuild Behavior ::run [ RunTime:0.000466s ]
INFO: WriteHtmlCache Behavior ::run [ RunTime:0.000390s ]
INFO: ShowRuntime Behavior ::run [ RunTime:0.000539s ]
INFO: [ view_filter ] --END-- [ RunTime:0.002046s ]
INFO: [ view_end ] --START--
INFO: ShowPageTrace Behavior ::run [ RunTime:0.000589s ]
INFO: [ view_end ] --END-- [ RunTime:0.000659s ]

[ 2015-12-04T17:00:21+08:00 ] 127.0.0.1 /tutu/admin.php
INFO: [ app_begin ] --START--
INFO: ReadHtmlCache Behavior ::run [ RunTime:0.000631s ]
INFO: [ app_begin ] --END-- [ RunTime:0.000734s ]
SQL: SHOW COLUMNS FROM `think_data` [ RunTime:0.002990s ]
SQL: UPDATE `think_data` SET `id`=id+1 WHERE ( data=thinkphp ) [ RunTime:0.000161s ]
ERR: 1054:Unknown column 'thinkphp' in 'where clause'
 [ SQL语句 ] : UPDATE `think_data` SET `id`=id+1 WHERE ( data=thinkphp )
INFO: [ view_parse ] --START--
NOTIC: [8] Undefined variable: data F:\wamp\www\tutu\admin\Runtime\Cache\4c18d5952d0dbf1eedb8a1ec796fa788.php 第 9 行.
INFO: ParseTemplate Behavior ::run [ RunTime:0.007043s ]
INFO: [ view_parse ] --END-- [ RunTime:0.007131s ]
INFO: [ view_filter ] --START--
INFO: ContentReplace Behavior ::run [ RunTime:0.000494s ]
INFO: TokenBuild Behavior ::run [ RunTime:0.000464s ]
INFO: WriteHtmlCache Behavior ::run [ RunTime:0.000459s ]
INFO: ShowRuntime Behavior ::run [ RunTime:0.000664s ]
INFO: [ view_filter ] --END-- [ RunTime:0.002290s ]
INFO: [ view_end ] --START--
INFO: ShowPageTrace Behavior ::run [ RunTime:0.000632s ]
INFO: [ view_end ] --END-- [ RunTime:0.000702s ]
SQL: SELECT * FROM `think_data`  [ RunTime:0.000342s ]
NOTIC: [8] Constant THEME_NAME already defined F:\wamp\www\tutu\ThinkPHP\Lib\Core\View.class.php 第 223 行.
NOTIC: [8] Constant THEME_PATH already defined F:\wamp\www\tutu\ThinkPHP\Lib\Core\View.class.php 第 174 行.
NOTIC: [8] Constant APP_TMPL_PATH already defined F:\wamp\www\tutu\ThinkPHP\Lib\Core\View.class.php 第 175 行.
INFO: [ view_parse ] --START--
INFO: ParseTemplate Behavior ::run [ RunTime:0.002231s ]
INFO: [ view_parse ] --END-- [ RunTime:-0.004017s ]
INFO: [ view_filter ] --START--
INFO: ContentReplace Behavior ::run [ RunTime:0.000057s ]
INFO: TokenBuild Behavior ::run [ RunTime:0.000062s ]
INFO: WriteHtmlCache Behavior ::run [ RunTime:0.000015s ]
INFO: ShowRuntime Behavior ::run [ RunTime:0.000093s ]
INFO: [ view_filter ] --END-- [ RunTime:-0.004046s ]
INFO: [ view_end ] --START--
INFO: ShowPageTrace Behavior ::run [ RunTime:0.000065s ]
INFO: [ view_end ] --END-- [ RunTime:-0.003762s ]

[ 2015-12-04T17:00:24+08:00 ] 127.0.0.1 /tutu/admin.php/Form/Form.html
INFO: [ route_check ] --START--
INFO: CheckRoute Behavior ::run [ RunTime:0.001668s ]
INFO: [ route_check ] --END-- [ RunTime:0.001885s ]
INFO: [ app_begin ] --START--
INFO: ReadHtmlCache Behavior ::run [ RunTime:0.001387s ]
INFO: [ app_begin ] --END-- [ RunTime:0.001549s ]
NOTIC: [8] Constant THEME_NAME already defined F:\wamp\www\tutu\ThinkPHP\Lib\Core\View.class.php 第 223 行.
NOTIC: [8] Constant THEME_PATH already defined F:\wamp\www\tutu\ThinkPHP\Lib\Core\View.class.php 第 174 行.
NOTIC: [8] Constant APP_TMPL_PATH already defined F:\wamp\www\tutu\ThinkPHP\Lib\Core\View.class.php 第 175 行.
INFO: [ view_parse ] --START--
NOTIC: [8] Undefined variable: data F:\wamp\www\tutu\admin\Runtime\Cache\2752a0f333e172f56f6fa20e8048700a.php 第 17 行.
NOTIC: [8] Undefined variable: data F:\wamp\www\tutu\admin\Runtime\Cache\2752a0f333e172f56f6fa20e8048700a.php 第 21 行.
NOTIC: [8] Undefined variable: data F:\wamp\www\tutu\admin\Runtime\Cache\2752a0f333e172f56f6fa20e8048700a.php 第 25 行.
INFO: ParseTemplate Behavior ::run [ RunTime:0.006764s ]
INFO: [ view_parse ] --END-- [ RunTime:0.006845s ]
INFO: [ view_filter ] --START--
INFO: ContentReplace Behavior ::run [ RunTime:0.000537s ]
INFO: TokenBuild Behavior ::run [ RunTime:0.000542s ]
INFO: WriteHtmlCache Behavior ::run [ RunTime:0.000403s ]
INFO: ShowRuntime Behavior ::run [ RunTime:0.000572s ]
INFO: [ view_filter ] --END-- [ RunTime:0.002277s ]
INFO: [ view_end ] --START--
INFO: ShowPageTrace Behavior ::run [ RunTime:0.000635s ]
INFO: [ view_end ] --END-- [ RunTime:0.000710s ]

[ 2015-12-04T17:00:26+08:00 ] 127.0.0.1 /tutu/admin.php/Form/Form.html
INFO: [ route_check ] --START--
INFO: CheckRoute Behavior ::run [ RunTime:0.001645s ]
INFO: [ route_check ] --END-- [ RunTime:0.001832s ]
INFO: [ app_begin ] --START--
INFO: ReadHtmlCache Behavior ::run [ RunTime:0.001342s ]
INFO: [ app_begin ] --END-- [ RunTime:0.001499s ]
NOTIC: [8] Constant THEME_NAME already defined F:\wamp\www\tutu\ThinkPHP\Lib\Core\View.class.php 第 223 行.
NOTIC: [8] Constant THEME_PATH already defined F:\wamp\www\tutu\ThinkPHP\Lib\Core\View.class.php 第 174 行.
NOTIC: [8] Constant APP_TMPL_PATH already defined F:\wamp\www\tutu\ThinkPHP\Lib\Core\View.class.php 第 175 行.
INFO: [ view_parse ] --START--
NOTIC: [8] Undefined variable: data F:\wamp\www\tutu\admin\Runtime\Cache\2752a0f333e172f56f6fa20e8048700a.php 第 17 行.
NOTIC: [8] Undefined variable: data F:\wamp\www\tutu\admin\Runtime\Cache\2752a0f333e172f56f6fa20e8048700a.php 第 21 行.
NOTIC: [8] Undefined variable: data F:\wamp\www\tutu\admin\Runtime\Cache\2752a0f333e172f56f6fa20e8048700a.php 第 25 行.
INFO: ParseTemplate Behavior ::run [ RunTime:0.012080s ]
INFO: [ view_parse ] --END-- [ RunTime:0.012211s ]
INFO: [ view_filter ] --START--
INFO: ContentReplace Behavior ::run [ RunTime:0.000611s ]
INFO: TokenBuild Behavior ::run [ RunTime:0.000593s ]
INFO: WriteHtmlCache Behavior ::run [ RunTime:0.000496s ]
INFO: ShowRuntime Behavior ::run [ RunTime:0.000671s ]
INFO: [ view_filter ] --END-- [ RunTime:0.002635s ]
INFO: [ view_end ] --START--
INFO: ShowPageTrace Behavior ::run [ RunTime:0.000750s ]
INFO: [ view_end ] --END-- [ RunTime:0.000840s ]

[ 2015-12-04T17:00:29+08:00 ] 127.0.0.1 /tutu/admin.php/Form/Form.html
INFO: [ route_check ] --START--
INFO: CheckRoute Behavior ::run [ RunTime:0.001588s ]
INFO: [ route_check ] --END-- [ RunTime:0.001768s ]
INFO: [ app_begin ] --START--
INFO: ReadHtmlCache Behavior ::run [ RunTime:0.001290s ]
INFO: [ app_begin ] --END-- [ RunTime:0.001475s ]
NOTIC: [8] Constant THEME_NAME already defined F:\wamp\www\tutu\ThinkPHP\Lib\Core\View.class.php 第 223 行.
NOTIC: [8] Constant THEME_PATH already defined F:\wamp\www\tutu\ThinkPHP\Lib\Core\View.class.php 第 174 行.
NOTIC: [8] Constant APP_TMPL_PATH already defined F:\wamp\www\tutu\ThinkPHP\Lib\Core\View.class.php 第 175 行.
INFO: [ view_parse ] --START--
NOTIC: [8] Undefined variable: data F:\wamp\www\tutu\admin\Runtime\Cache\2752a0f333e172f56f6fa20e8048700a.php 第 17 行.
NOTIC: [8] Undefined variable: data F:\wamp\www\tutu\admin\Runtime\Cache\2752a0f333e172f56f6fa20e8048700a.php 第 21 行.
NOTIC: [8] Undefined variable: data F:\wamp\www\tutu\admin\Runtime\Cache\2752a0f333e172f56f6fa20e8048700a.php 第 25 行.
INFO: ParseTemplate Behavior ::run [ RunTime:0.008182s ]
INFO: [ view_parse ] --END-- [ RunTime:0.008303s ]
INFO: [ view_filter ] --START--
INFO: ContentReplace Behavior ::run [ RunTime:0.000596s ]
INFO: TokenBuild Behavior ::run [ RunTime:0.000625s ]
INFO: WriteHtmlCache Behavior ::run [ RunTime:0.000544s ]
INFO: ShowRuntime Behavior ::run [ RunTime:0.000694s ]
INFO: [ view_filter ] --END-- [ RunTime:0.002702s ]
INFO: [ view_end ] --START--
INFO: ShowPageTrace Behavior ::run [ RunTime:0.000760s ]
INFO: [ view_end ] --END-- [ RunTime:0.000842s ]

[ 2015-12-04T17:00:38+08:00 ] 127.0.0.1 /tutu/admin.php/Form/Form.html
INFO: [ route_check ] --START--
INFO: CheckRoute Behavior ::run [ RunTime:0.000810s ]
INFO: [ route_check ] --END-- [ RunTime:0.000924s ]
INFO: [ app_begin ] --START--
INFO: ReadHtmlCache Behavior ::run [ RunTime:0.000722s ]
INFO: [ app_begin ] --END-- [ RunTime:0.000800s ]
NOTIC: [8] Constant THEME_NAME already defined F:\wamp\www\tutu\ThinkPHP\Lib\Core\View.class.php 第 223 行.
NOTIC: [8] Constant THEME_PATH already defined F:\wamp\www\tutu\ThinkPHP\Lib\Core\View.class.php 第 174 行.
NOTIC: [8] Constant APP_TMPL_PATH already defined F:\wamp\www\tutu\ThinkPHP\Lib\Core\View.class.php 第 175 行.
INFO: [ view_parse ] --START--
NOTIC: [8] Undefined variable: data F:\wamp\www\tutu\admin\Runtime\Cache\2752a0f333e172f56f6fa20e8048700a.php 第 17 行.
NOTIC: [8] Undefined variable: data F:\wamp\www\tutu\admin\Runtime\Cache\2752a0f333e172f56f6fa20e8048700a.php 第 21 行.
NOTIC: [8] Undefined variable: data F:\wamp\www\tutu\admin\Runtime\Cache\2752a0f333e172f56f6fa20e8048700a.php 第 25 行.
INFO: ParseTemplate Behavior ::run [ RunTime:0.006318s ]
INFO: [ view_parse ] --END-- [ RunTime:0.006395s ]
INFO: [ view_filter ] --START--
INFO: ContentReplace Behavior ::run [ RunTime:0.000508s ]
INFO: TokenBuild Behavior ::run [ RunTime:0.000502s ]
INFO: WriteHtmlCache Behavior ::run [ RunTime:0.000376s ]
INFO: ShowRuntime Behavior ::run [ RunTime:0.000543s ]
INFO: [ view_filter ] --END-- [ RunTime:0.002122s ]
INFO: [ view_end ] --START--
INFO: ShowPageTrace Behavior ::run [ RunTime:0.000622s ]
INFO: [ view_end ] --END-- [ RunTime:0.000688s ]

[ 2015-12-04T17:00:46+08:00 ] 127.0.0.1 /tutu/admin.php
INFO: [ app_begin ] --START--
INFO: ReadHtmlCache Behavior ::run [ RunTime:0.000653s ]
INFO: [ app_begin ] --END-- [ RunTime:0.000750s ]
SQL: SHOW COLUMNS FROM `think_data` [ RunTime:0.002690s ]
SQL: UPDATE `think_data` SET `id`=id+1 WHERE ( data=thinkphp ) [ RunTime:0.000121s ]
ERR: 1054:Unknown column 'thinkphp' in 'where clause'
 [ SQL语句 ] : UPDATE `think_data` SET `id`=id+1 WHERE ( data=thinkphp )
INFO: [ view_parse ] --START--
NOTIC: [8] Undefined variable: data F:\wamp\www\tutu\admin\Runtime\Cache\4c18d5952d0dbf1eedb8a1ec796fa788.php 第 9 行.
INFO: ParseTemplate Behavior ::run [ RunTime:0.007358s ]
INFO: [ view_parse ] --END-- [ RunTime:0.007445s ]
INFO: [ view_filter ] --START--
INFO: ContentReplace Behavior ::run [ RunTime:0.000503s ]
INFO: TokenBuild Behavior ::run [ RunTime:0.000541s ]
INFO: WriteHtmlCache Behavior ::run [ RunTime:0.000398s ]
INFO: ShowRuntime Behavior ::run [ RunTime:0.000585s ]
INFO: [ view_filter ] --END-- [ RunTime:0.002245s ]
INFO: [ view_end ] --START--
INFO: ShowPageTrace Behavior ::run [ RunTime:0.000650s ]
INFO: [ view_end ] --END-- [ RunTime:0.000727s ]
SQL: SELECT * FROM `think_data`  [ RunTime:0.000303s ]
NOTIC: [8] Constant THEME_NAME already defined F:\wamp\www\tutu\ThinkPHP\Lib\Core\View.class.php 第 223 行.
NOTIC: [8] Constant THEME_PATH already defined F:\wamp\www\tutu\ThinkPHP\Lib\Core\View.class.php 第 174 行.
NOTIC: [8] Constant APP_TMPL_PATH already defined F:\wamp\www\tutu\ThinkPHP\Lib\Core\View.class.php 第 175 行.
INFO: [ view_parse ] --START--
INFO: ParseTemplate Behavior ::run [ RunTime:0.002193s ]
INFO: [ view_parse ] --END-- [ RunTime:-0.004024s ]
INFO: [ view_filter ] --START--
INFO: ContentReplace Behavior ::run [ RunTime:0.000061s ]
INFO: TokenBuild Behavior ::run [ RunTime:0.000070s ]
INFO: WriteHtmlCache Behavior ::run [ RunTime:0.000016s ]
INFO: ShowRuntime Behavior ::run [ RunTime:0.000106s ]
INFO: [ view_filter ] --END-- [ RunTime:-0.004053s ]
INFO: [ view_end ] --START--
INFO: ShowPageTrace Behavior ::run [ RunTime:0.000063s ]
INFO: [ view_end ] --END-- [ RunTime:-0.003759s ]

[ 2015-12-04T17:01:28+08:00 ] 127.0.0.1 /tutu/admin.php
INFO: [ app_begin ] --START--
INFO: ReadHtmlCache Behavior ::run [ RunTime:0.000604s ]
INFO: [ app_begin ] --END-- [ RunTime:0.000689s ]
SQL: SHOW COLUMNS FROM `think_data` [ RunTime:0.002513s ]
SQL: UPDATE `think_data` SET `id`=id+1 WHERE ( data=thinkphp ) [ RunTime:0.000144s ]
ERR: 1054:Unknown column 'thinkphp' in 'where clause'
 [ SQL语句 ] : UPDATE `think_data` SET `id`=id+1 WHERE ( data=thinkphp )
SQL: SELECT * FROM `think_data`  [ RunTime:0.000181s ]
INFO: [ view_parse ] --START--
INFO: ParseTemplate Behavior ::run [ RunTime:0.007428s ]
INFO: [ view_parse ] --END-- [ RunTime:0.007543s ]
INFO: [ view_filter ] --START--
INFO: ContentReplace Behavior ::run [ RunTime:0.000467s ]
INFO: TokenBuild Behavior ::run [ RunTime:0.000476s ]
INFO: WriteHtmlCache Behavior ::run [ RunTime:0.000471s ]
INFO: ShowRuntime Behavior ::run [ RunTime:0.000620s ]
INFO: [ view_filter ] --END-- [ RunTime:0.002245s ]
INFO: [ view_end ] --START--
INFO: ShowPageTrace Behavior ::run [ RunTime:0.000629s ]
INFO: [ view_end ] --END-- [ RunTime:0.000719s ]

[ 2015-12-04T17:01:30+08:00 ] 127.0.0.1 /tutu/admin.php/Form/Form.html
INFO: [ route_check ] --START--
INFO: CheckRoute Behavior ::run [ RunTime:0.001707s ]
INFO: [ route_check ] --END-- [ RunTime:0.001903s ]
INFO: [ app_begin ] --START--
INFO: ReadHtmlCache Behavior ::run [ RunTime:0.001292s ]
INFO: [ app_begin ] --END-- [ RunTime:0.001453s ]
NOTIC: [8] Constant THEME_NAME already defined F:\wamp\www\tutu\ThinkPHP\Lib\Core\View.class.php 第 223 行.
NOTIC: [8] Constant THEME_PATH already defined F:\wamp\www\tutu\ThinkPHP\Lib\Core\View.class.php 第 174 行.
NOTIC: [8] Constant APP_TMPL_PATH already defined F:\wamp\www\tutu\ThinkPHP\Lib\Core\View.class.php 第 175 行.
INFO: [ view_parse ] --START--
NOTIC: [8] Undefined variable: data F:\wamp\www\tutu\admin\Runtime\Cache\2752a0f333e172f56f6fa20e8048700a.php 第 17 行.
NOTIC: [8] Undefined variable: data F:\wamp\www\tutu\admin\Runtime\Cache\2752a0f333e172f56f6fa20e8048700a.php 第 21 行.
NOTIC: [8] Undefined variable: data F:\wamp\www\tutu\admin\Runtime\Cache\2752a0f333e172f56f6fa20e8048700a.php 第 25 行.
INFO: ParseTemplate Behavior ::run [ RunTime:0.006713s ]
INFO: [ view_parse ] --END-- [ RunTime:0.006793s ]
INFO: [ view_filter ] --START--
INFO: ContentReplace Behavior ::run [ RunTime:0.000606s ]
INFO: TokenBuild Behavior ::run [ RunTime:0.000606s ]
INFO: WriteHtmlCache Behavior ::run [ RunTime:0.000440s ]
INFO: ShowRuntime Behavior ::run [ RunTime:0.000579s ]
INFO: [ view_filter ] --END-- [ RunTime:0.002457s ]
INFO: [ view_end ] --START--
INFO: ShowPageTrace Behavior ::run [ RunTime:0.000640s ]
INFO: [ view_end ] --END-- [ RunTime:0.000716s ]

[ 2015-12-04T17:01:46+08:00 ] 127.0.0.1 /tutu/admin.php/Index/Form/Form.html
INFO: [ route_check ] --START--
INFO: CheckRoute Behavior ::run [ RunTime:0.000751s ]
INFO: [ route_check ] --END-- [ RunTime:0.000849s ]
INFO: [ app_begin ] --START--
INFO: ReadHtmlCache Behavior ::run [ RunTime:0.000673s ]
INFO: [ app_begin ] --END-- [ RunTime:0.000753s ]
ERR: 模板不存在[./admin/Tpl/Index/Form.html]

[ 2015-12-04T17:18:09+08:00 ] 127.0.0.1 /tutu/admin.php
INFO: [ app_begin ] --START--
INFO: ReadHtmlCache Behavior ::run [ RunTime:0.000597s ]
INFO: [ app_begin ] --END-- [ RunTime:0.000685s ]
SQL: SHOW COLUMNS FROM `think_data` [ RunTime:0.002887s ]
SQL: UPDATE `think_data` SET `id`=id+1 WHERE ( data=thinkphp ) [ RunTime:0.000138s ]
ERR: 1054:Unknown column 'thinkphp' in 'where clause'
 [ SQL语句 ] : UPDATE `think_data` SET `id`=id+1 WHERE ( data=thinkphp )
SQL: SELECT * FROM `think_data`  [ RunTime:0.000181s ]
INFO: [ view_parse ] --START--
INFO: ParseTemplate Behavior ::run [ RunTime:0.007248s ]
INFO: [ view_parse ] --END-- [ RunTime:0.007344s ]
INFO: [ view_filter ] --START--
INFO: ContentReplace Behavior ::run [ RunTime:0.000479s ]
INFO: TokenBuild Behavior ::run [ RunTime:0.000511s ]
INFO: WriteHtmlCache Behavior ::run [ RunTime:0.000401s ]
INFO: ShowRuntime Behavior ::run [ RunTime:0.000640s ]
INFO: [ view_filter ] --END-- [ RunTime:0.002232s ]
INFO: [ view_end ] --START--
INFO: ShowPageTrace Behavior ::run [ RunTime:0.000615s ]
INFO: [ view_end ] --END-- [ RunTime:0.000687s ]

[ 2015-12-04T17:18:18+08:00 ] 127.0.0.1 /tutu/admin.php
INFO: [ app_begin ] --START--
INFO: ReadHtmlCache Behavior ::run [ RunTime:0.000689s ]
INFO: [ app_begin ] --END-- [ RunTime:0.000788s ]
SQL: SHOW COLUMNS FROM `think_data` [ RunTime:0.002998s ]
SQL: UPDATE `think_data` SET `id`=id+1 WHERE ( data=thinkphp ) [ RunTime:0.000141s ]
ERR: 1054:Unknown column 'thinkphp' in 'where clause'
 [ SQL语句 ] : UPDATE `think_data` SET `id`=id+1 WHERE ( data=thinkphp )
SQL: SELECT * FROM `think_data`  [ RunTime:0.000182s ]
INFO: [ view_parse ] --START--
INFO: ParseTemplate Behavior ::run [ RunTime:0.007798s ]
INFO: [ view_parse ] --END-- [ RunTime:0.007901s ]
INFO: [ view_filter ] --START--
INFO: ContentReplace Behavior ::run [ RunTime:0.000553s ]
INFO: TokenBuild Behavior ::run [ RunTime:0.000626s ]
INFO: WriteHtmlCache Behavior ::run [ RunTime:0.000739s ]
INFO: ShowRuntime Behavior ::run [ RunTime:0.000725s ]
INFO: [ view_filter ] --END-- [ RunTime:0.002901s ]
INFO: [ view_end ] --START--
INFO: ShowPageTrace Behavior ::run [ RunTime:0.000770s ]
INFO: [ view_end ] --END-- [ RunTime:0.000849s ]

[ 2015-12-04T17:19:09+08:00 ] 127.0.0.1 /tutu/admin.php
INFO: [ app_begin ] --START--
INFO: ReadHtmlCache Behavior ::run [ RunTime:0.000565s ]
INFO: [ app_begin ] --END-- [ RunTime:0.000654s ]
SQL: SHOW COLUMNS FROM `think_data` [ RunTime:0.002865s ]
SQL: UPDATE `think_data` SET `id`=id+1 WHERE ( data=thinkphp ) [ RunTime:0.000170s ]
ERR: 1054:Unknown column 'thinkphp' in 'where clause'
 [ SQL语句 ] : UPDATE `think_data` SET `id`=id+1 WHERE ( data=thinkphp )
SQL: SELECT * FROM `think_data`  [ RunTime:0.000226s ]
INFO: [ view_parse ] --START--
INFO: ParseTemplate Behavior ::run [ RunTime:0.007187s ]
INFO: [ view_parse ] --END-- [ RunTime:0.007288s ]
INFO: [ view_filter ] --START--
INFO: ContentReplace Behavior ::run [ RunTime:0.000598s ]
INFO: TokenBuild Behavior ::run [ RunTime:0.000500s ]
INFO: WriteHtmlCache Behavior ::run [ RunTime:0.000404s ]
INFO: ShowRuntime Behavior ::run [ RunTime:0.000619s ]
INFO: [ view_filter ] --END-- [ RunTime:0.002331s ]
INFO: [ view_end ] --START--
INFO: ShowPageTrace Behavior ::run [ RunTime:0.000622s ]
INFO: [ view_end ] --END-- [ RunTime:0.000692s ]

[ 2015-12-04T17:23:44+08:00 ] 127.0.0.1 /tutu/admin.php
INFO: [ app_begin ] --START--
INFO: ReadHtmlCache Behavior ::run [ RunTime:0.000607s ]
INFO: [ app_begin ] --END-- [ RunTime:0.000698s ]
SQL: SHOW COLUMNS FROM `think_data` [ RunTime:0.002908s ]
SQL: UPDATE `think_data` SET `id`=id+1 WHERE ( data=thinkphp ) [ RunTime:0.000176s ]
ERR: 1054:Unknown column 'thinkphp' in 'where clause'
 [ SQL语句 ] : UPDATE `think_data` SET `id`=id+1 WHERE ( data=thinkphp )
SQL: SELECT * FROM `think_data`  [ RunTime:0.000216s ]
INFO: [ view_parse ] --START--
INFO: ParseTemplate Behavior ::run [ RunTime:0.007141s ]
INFO: [ view_parse ] --END-- [ RunTime:0.007257s ]
INFO: [ view_filter ] --START--
INFO: ContentReplace Behavior ::run [ RunTime:0.000535s ]
INFO: TokenBuild Behavior ::run [ RunTime:0.000542s ]
INFO: WriteHtmlCache Behavior ::run [ RunTime:0.000433s ]
INFO: ShowRuntime Behavior ::run [ RunTime:0.000628s ]
INFO: [ view_filter ] --END-- [ RunTime:0.002340s ]
INFO: [ view_end ] --START--
INFO: ShowPageTrace Behavior ::run [ RunTime:0.000745s ]
INFO: [ view_end ] --END-- [ RunTime:0.000814s ]

[ 2015-12-04T17:23:50+08:00 ] 127.0.0.1 /tutu/admin.php/Form/Form.html
INFO: [ route_check ] --START--
INFO: CheckRoute Behavior ::run [ RunTime:0.001013s ]
INFO: [ route_check ] --END-- [ RunTime:0.001157s ]
INFO: [ app_begin ] --START--
INFO: ReadHtmlCache Behavior ::run [ RunTime:0.000864s ]
INFO: [ app_begin ] --END-- [ RunTime:0.000962s ]

